[2019-02-22 17:08:01.275] [exthost] [info] extension host started
[2019-02-22 17:08:01.301] [exthost] [info] ExtensionService#_doActivateExtension vscode.debug-auto-launch {"startup":true,"activationEvent":"*"}
[2019-02-22 17:08:01.301] [exthost] [info] ExtensionService#loadCommonJSModule /usr/lib/code/extensions/debug-auto-launch/dist/extension
[2019-02-22 17:08:01.303] [exthost] [info] ExtensionService#_doActivateExtension vscode.emmet {"startup":true,"activationEvent":"*"}
[2019-02-22 17:08:01.303] [exthost] [info] ExtensionService#loadCommonJSModule /usr/lib/code/extensions/emmet/dist/extension
[2019-02-22 17:08:01.309] [exthost] [info] ExtensionService#_doActivateExtension vscode.git {"startup":true,"activationEvent":"*"}
[2019-02-22 17:08:01.309] [exthost] [info] ExtensionService#loadCommonJSModule /usr/lib/code/extensions/git/dist/main
[2019-02-22 17:08:01.340] [exthost] [info] ExtensionService#_doActivateExtension vscode.merge-conflict {"startup":true,"activationEvent":"*"}
[2019-02-22 17:08:01.340] [exthost] [info] ExtensionService#loadCommonJSModule /usr/lib/code/extensions/merge-conflict/dist/extension
[2019-02-22 17:08:01.343] [exthost] [info] ExtensionService#_doActivateExtension robertohuertasm.vscode-icons {"startup":true,"activationEvent":"*"}
[2019-02-22 17:08:01.343] [exthost] [info] ExtensionService#loadCommonJSModule /home/whiz/.vscode-oss/extensions/robertohuertasm.vscode-icons-8.2.0/out/src/
[2019-02-22 17:08:01.386] [exthost] [info] eager extensions activated
[2019-02-22 17:08:56.785] [exthost] [info] ExtensionService#_doActivateExtension rust-lang.rust {"startup":false,"activationEvent":"onLanguage:rust"}
[2019-02-22 17:08:56.785] [exthost] [info] ExtensionService#loadCommonJSModule /home/whiz/.vscode-oss/extensions/rust-lang.rust-0.5.3/out/src/extension
[2019-02-22 17:10:27.546] [exthost] [info] ExtensionService#_doActivateExtension vscode.grunt {"startup":false,"activationEvent":"onCommand:workbench.action.tasks.runTask"}
[2019-02-22 17:10:27.546] [exthost] [info] ExtensionService#loadCommonJSModule /usr/lib/code/extensions/grunt/dist/main
[2019-02-22 17:10:27.568] [exthost] [info] ExtensionService#_doActivateExtension vscode.gulp {"startup":false,"activationEvent":"onCommand:workbench.action.tasks.runTask"}
[2019-02-22 17:10:27.568] [exthost] [info] ExtensionService#loadCommonJSModule /usr/lib/code/extensions/gulp/dist/main
[2019-02-22 17:10:27.581] [exthost] [info] ExtensionService#_doActivateExtension vscode.jake {"startup":false,"activationEvent":"onCommand:workbench.action.tasks.runTask"}
[2019-02-22 17:10:27.581] [exthost] [info] ExtensionService#loadCommonJSModule /usr/lib/code/extensions/jake/dist/main
[2019-02-22 17:10:27.594] [exthost] [info] ExtensionService#_doActivateExtension vscode.npm {"startup":false,"activationEvent":"onCommand:workbench.action.tasks.runTask"}
[2019-02-22 17:10:27.594] [exthost] [info] ExtensionService#loadCommonJSModule /usr/lib/code/extensions/npm/dist/main
[2019-02-22 17:10:27.673] [exthost] [info] ExtensionService#_doActivateExtension vscode.typescript-language-features {"startup":false,"activationEvent":"onCommand:workbench.action.tasks.runTask"}
[2019-02-22 17:10:27.673] [exthost] [info] ExtensionService#loadCommonJSModule /usr/lib/code/extensions/typescript-language-features/dist/extension
