[2019-02-22 18:01:24.074] [exthost] [info] extension host started
[2019-02-22 18:01:24.094] [exthost] [info] ExtensionService#_doActivateExtension vscode.debug-auto-launch {"startup":true,"activationEvent":"*"}
[2019-02-22 18:01:24.094] [exthost] [info] ExtensionService#loadCommonJSModule /usr/lib/code/extensions/debug-auto-launch/dist/extension
[2019-02-22 18:01:24.097] [exthost] [info] ExtensionService#_doActivateExtension vscode.emmet {"startup":true,"activationEvent":"*"}
[2019-02-22 18:01:24.097] [exthost] [info] ExtensionService#loadCommonJSModule /usr/lib/code/extensions/emmet/dist/extension
[2019-02-22 18:01:24.114] [exthost] [info] ExtensionService#_doActivateExtension vscode.git {"startup":true,"activationEvent":"*"}
[2019-02-22 18:01:24.114] [exthost] [info] ExtensionService#loadCommonJSModule /usr/lib/code/extensions/git/dist/main
[2019-02-22 18:01:24.215] [exthost] [info] ExtensionService#_doActivateExtension vscode.merge-conflict {"startup":true,"activationEvent":"*"}
[2019-02-22 18:01:24.215] [exthost] [info] ExtensionService#loadCommonJSModule /usr/lib/code/extensions/merge-conflict/dist/extension
[2019-02-22 18:01:24.220] [exthost] [info] ExtensionService#_doActivateExtension robertohuertasm.vscode-icons {"startup":true,"activationEvent":"*"}
[2019-02-22 18:01:24.220] [exthost] [info] ExtensionService#loadCommonJSModule /home/whiz/.vscode-oss/extensions/robertohuertasm.vscode-icons-8.2.0/out/src/
[2019-02-22 18:01:24.286] [exthost] [info] eager extensions activated
[2019-02-22 18:01:36.783] [exthost] [info] ExtensionService#_doActivateExtension rust-lang.rust {"startup":false,"activationEvent":"onLanguage:rust"}
[2019-02-22 18:01:36.783] [exthost] [info] ExtensionService#loadCommonJSModule /home/whiz/.vscode-oss/extensions/rust-lang.rust-0.5.3/out/src/extension
[2019-02-22 18:02:39.993] [exthost] [info] ExtensionService#_doActivateExtension vscode.configuration-editing {"startup":false,"activationEvent":"onLanguage:jsonc"}
[2019-02-22 18:02:39.993] [exthost] [info] ExtensionService#loadCommonJSModule /usr/lib/code/extensions/configuration-editing/dist/extension
[2019-02-22 18:02:40.014] [exthost] [info] ExtensionService#_doActivateExtension vscode.json-language-features {"startup":false,"activationEvent":"onLanguage:jsonc"}
[2019-02-22 18:02:40.014] [exthost] [info] ExtensionService#loadCommonJSModule /usr/lib/code/extensions/json-language-features/client/dist/jsonMain
[2019-02-22 18:02:40.151] [exthost] [info] ExtensionService#_doActivateExtension vscode.typescript-language-features {"startup":false,"activationEvent":"onLanguage:jsonc"}
[2019-02-22 18:02:40.151] [exthost] [info] ExtensionService#loadCommonJSModule /usr/lib/code/extensions/typescript-language-features/dist/extension
[2019-02-22 18:03:30.638] [exthost] [info] ExtensionService#_doActivateExtension vscodevim.vim {"startup":false,"activationEvent":"*"}
[2019-02-22 18:03:30.638] [exthost] [info] ExtensionService#loadCommonJSModule /home/whiz/.vscode-oss/extensions/vscodevim.vim-1.0.8/out/extension
