[2019-02-22 16:58:47.335] [exthost] [info] extension host started
[2019-02-22 16:58:47.355] [exthost] [info] ExtensionService#_doActivateExtension vscode.debug-auto-launch {"startup":true,"activationEvent":"*"}
[2019-02-22 16:58:47.355] [exthost] [info] ExtensionService#loadCommonJSModule /usr/lib/code/extensions/debug-auto-launch/dist/extension
[2019-02-22 16:58:47.359] [exthost] [info] ExtensionService#_doActivateExtension vscode.emmet {"startup":true,"activationEvent":"*"}
[2019-02-22 16:58:47.359] [exthost] [info] ExtensionService#loadCommonJSModule /usr/lib/code/extensions/emmet/dist/extension
[2019-02-22 16:58:47.380] [exthost] [info] ExtensionService#_doActivateExtension vscode.git {"startup":true,"activationEvent":"*"}
[2019-02-22 16:58:47.380] [exthost] [info] ExtensionService#loadCommonJSModule /usr/lib/code/extensions/git/dist/main
[2019-02-22 16:58:47.512] [exthost] [info] ExtensionService#_doActivateExtension vscode.merge-conflict {"startup":true,"activationEvent":"*"}
[2019-02-22 16:58:47.512] [exthost] [info] ExtensionService#loadCommonJSModule /usr/lib/code/extensions/merge-conflict/dist/extension
[2019-02-22 16:58:47.518] [exthost] [info] eager extensions activated
[2019-02-22 16:59:06.232] [exthost] [info] ExtensionService#_doActivateExtension robertohuertasm.vscode-icons {"startup":false,"activationEvent":"*"}
[2019-02-22 16:59:06.232] [exthost] [info] ExtensionService#loadCommonJSModule /home/whiz/.vscode-oss/extensions/robertohuertasm.vscode-icons-8.2.0/out/src/
[2019-02-22 16:59:39.041] [exthost] [info] ExtensionService#_doActivateExtension vscode.configuration-editing {"startup":false,"activationEvent":"onLanguage:jsonc"}
[2019-02-22 16:59:39.041] [exthost] [info] ExtensionService#loadCommonJSModule /usr/lib/code/extensions/configuration-editing/dist/extension
[2019-02-22 16:59:39.059] [exthost] [info] ExtensionService#_doActivateExtension vscode.json-language-features {"startup":false,"activationEvent":"onLanguage:jsonc"}
[2019-02-22 16:59:39.059] [exthost] [info] ExtensionService#loadCommonJSModule /usr/lib/code/extensions/json-language-features/client/dist/jsonMain
[2019-02-22 16:59:39.168] [exthost] [info] ExtensionService#_doActivateExtension vscode.typescript-language-features {"startup":false,"activationEvent":"onLanguage:jsonc"}
[2019-02-22 16:59:39.168] [exthost] [info] ExtensionService#loadCommonJSModule /usr/lib/code/extensions/typescript-language-features/dist/extension
[2019-02-22 16:59:59.235] [exthost] [info] ExtensionService#_doActivateExtension rust-lang.rust {"startup":false,"activationEvent":"workspaceContains:Cargo.toml"}
[2019-02-22 16:59:59.235] [exthost] [info] ExtensionService#loadCommonJSModule /home/whiz/.vscode-oss/extensions/rust-lang.rust-0.5.3/out/src/extension
